<?xml version="1.0" encoding="UTF-8"?>
<testsuite xmlns:xsi="http://www.w3.org/2001/XMLSchema-instance" xsi:noNamespaceSchemaLocation="https://maven.apache.org/surefire/maven-surefire-plugin/xsd/surefire-test-report-3.0.xsd" version="3.0" name="com.sm.namingserver.NamingServerApplicationTests" time="9.336" tests="1" errors="0" skipped="0" failures="0">
  <properties>
[...]
</properties>
  <testcase name="contextLoads" classname="com.sm.namingserver.NamingServerApplicationTests" time="1.349">
    <system-out><![CDATA[Standard Commons Logging discovery in action with spring-jcl: please remove commons-logging.jar from classpath in order to avoid potential conflicts
09:31:11.476 [main] INFO org.springframework.test.context.support.AnnotationConfigContextLoaderUtils -- Could not detect default configuration classes for test class [com.sm.namingserver.NamingServerApplicationTests]: NamingServerApplicationTests does not declare any static, non-private, non-final, nested classes annotated with @Configuration.
09:31:11.582 [main] INFO org.springframework.boot.test.context.SpringBootTestContextBootstrapper -- Found @SpringBootConfiguration com.sm.namingserver.NamingServerApplication for test class com.sm.namingserver.NamingServerApplicationTests
09:31:11.757 [main] INFO org.springframework.boot.devtools.restart.RestartApplicationListener -- Restart disabled due to context in which it is running

  .   ____          _            __ _ _
 /\\ / ___'_ __ _ _(_)_ __  __ _ \ \ \ \
( ( )\___ | '_ | '_| | '_ \/ _` | \ \ \ \
 \\/  ___)| |_)| | | | | || (_| |  ) ) ) )
  '  |____| .__|_| |_|_| |_\__, | / / / /
 =========|_|==============|___/=/_/_/_/

 :: Spring Boot ::                (v3.3.4)

2024-10-05T09:31:13.114+05:30  INFO 4900 --- [naming-server] [           main] c.s.n.NamingServerApplicationTests       : Starting NamingServerApplicationTests using Java 21.0.4 with PID 4900 (started by RADHA in E:\techm\section6\dockercompose\dockercomposews\naming-server)
2024-10-05T09:31:13.115+05:30  INFO 4900 --- [naming-server] [           main] c.s.n.NamingServerApplicationTests       : No active profile set, falling back to 1 default profile: "default"
2024-10-05T09:31:14.600+05:30  INFO 4900 --- [naming-server] [           main] o.s.cloud.context.scope.GenericScope     : BeanFactory id=50aeea11-0697-3643-881f-9262f4b246d9
2024-10-05T09:31:14.744+05:30  WARN 4900 --- [naming-server] [           main] trationDelegate$BeanPostProcessorChecker : Bean 'org.springframework.cloud.client.loadbalancer.LoadBalancerAutoConfiguration$DeferringLoadBalancerInterceptorConfig' of type [org.springframework.cloud.client.loadbalancer.LoadBalancerAutoConfiguration$DeferringLoadBalancerInterceptorConfig] is not eligible for getting processed by all BeanPostProcessors (for example: not eligible for auto-proxying). The currently created BeanPostProcessor [lbRestClientPostProcessor] is declared through a non-static factory method on that class; consider declaring it as static instead.
2024-10-05T09:31:14.749+05:30  WARN 4900 --- [naming-server] [           main] trationDelegate$BeanPostProcessorChecker : Bean 'deferringLoadBalancerInterceptor' of type [org.springframework.cloud.client.loadbalancer.DeferringLoadBalancerInterceptor] is not eligible for getting processed by all BeanPostProcessors (for example: not eligible for auto-proxying). Is this bean getting eagerly injected into a currently created BeanPostProcessor [lbRestClientPostProcessor]? Check the corresponding BeanPostProcessor declaration and its dependencies.
2024-10-05T09:31:16.970+05:30  INFO 4900 --- [naming-server] [           main] o.s.cloud.commons.util.InetUtils         : Cannot determine local hostname
2024-10-05T09:31:18.398+05:30  INFO 4900 --- [naming-server] [           main] o.s.cloud.commons.util.InetUtils         : Cannot determine local hostname
2024-10-05T09:31:18.466+05:30  WARN 4900 --- [naming-server] [           main] iguration$LoadBalancerCaffeineWarnLogger : Spring Cloud LoadBalancer is currently working with the default cache. While this cache implementation is useful for development and tests, it's recommended to use Caffeine cache in production.You can switch to using Caffeine cache, by adding it and org.springframework.cache.caffeine.CaffeineCacheManager to the classpath.
2024-10-05T09:31:18.730+05:30  INFO 4900 --- [naming-server] [           main] o.s.c.n.eureka.InstanceInfoFactory       : Setting initial instance status as: STARTING
2024-10-05T09:31:18.753+05:30  INFO 4900 --- [naming-server] [           main] com.netflix.discovery.DiscoveryClient    : Initializing Eureka in region us-east-1
2024-10-05T09:31:18.754+05:30  INFO 4900 --- [naming-server] [           main] com.netflix.discovery.DiscoveryClient    : Client configured to neither register nor query for data.
2024-10-05T09:31:18.756+05:30  INFO 4900 --- [naming-server] [           main] com.netflix.discovery.DiscoveryClient    : Discovery Client initialized at timestamp 1728100878755 with initial instances count: 0
2024-10-05T09:31:18.811+05:30  INFO 4900 --- [naming-server] [           main] c.n.eureka.DefaultEurekaServerContext    : Initializing ...
2024-10-05T09:31:18.813+05:30  WARN 4900 --- [naming-server] [           main] c.n.eureka.cluster.PeerEurekaNodes       : The replica size seems to be empty. Check the route 53 DNS Registry
2024-10-05T09:31:18.825+05:30  INFO 4900 --- [naming-server] [           main] c.n.e.registry.AbstractInstanceRegistry  : Finished initializing remote region registries. All known remote regions: []
2024-10-05T09:31:18.826+05:30  INFO 4900 --- [naming-server] [           main] c.n.eureka.DefaultEurekaServerContext    : Initialized
2024-10-05T09:31:18.988+05:30  INFO 4900 --- [naming-server] [           main] o.s.b.a.e.web.EndpointLinksResolver      : Exposing 1 endpoint beneath base path '/actuator'
2024-10-05T09:31:19.056+05:30  INFO 4900 --- [naming-server] [           main] o.s.c.n.e.s.EurekaServiceRegistry        : Registering application NAMING-SERVER with eureka with status UP
2024-10-05T09:31:19.074+05:30  INFO 4900 --- [naming-server] [      Thread-11] o.s.c.n.e.server.EurekaServerBootstrap   : isAws returned false
2024-10-05T09:31:19.075+05:30  INFO 4900 --- [naming-server] [      Thread-11] o.s.c.n.e.server.EurekaServerBootstrap   : Initialized server context
2024-10-05T09:31:19.076+05:30  INFO 4900 --- [naming-server] [      Thread-11] c.n.e.r.PeerAwareInstanceRegistryImpl    : Got 1 instances from neighboring DS node
2024-10-05T09:31:19.076+05:30  INFO 4900 --- [naming-server] [      Thread-11] c.n.e.r.PeerAwareInstanceRegistryImpl    : Renew threshold is: 1
2024-10-05T09:31:19.077+05:30  INFO 4900 --- [naming-server] [      Thread-11] c.n.e.r.PeerAwareInstanceRegistryImpl    : Changing status to UP
2024-10-05T09:31:19.084+05:30  INFO 4900 --- [naming-server] [      Thread-11] e.s.EurekaServerInitializerConfiguration : Started Eureka Server
2024-10-05T09:31:19.085+05:30  INFO 4900 --- [naming-server] [           main] c.s.n.NamingServerApplicationTests       : Started NamingServerApplicationTests in 7.344 seconds (process running for 8.693)
]]></system-out>
    <system-err><![CDATA[WARNING: A Java agent has been loaded dynamically (C:\Users\RADHA\.m2\repository\net\bytebuddy\byte-buddy-agent\1.14.19\byte-buddy-agent-1.14.19.jar)
WARNING: If a serviceability tool is in use, please run with -XX:+EnableDynamicAgentLoading to hide this warning
WARNING: If a serviceability tool is not in use, please run with -Djdk.instrument.traceUsage for more information
WARNING: Dynamic loading of agents will be disallowed by default in a future release
]]></system-err>
  </testcase>
</testsuite>